<?xml version="1.0" encoding="UTF-8"?>
<testsuite xmlns:xsi="http://www.w3.org/2001/XMLSchema-instance" xsi:noNamespaceSchemaLocation="https://maven.apache.org/surefire/maven-surefire-plugin/xsd/surefire-test-report-3.0.xsd" version="3.0" name="com.runner.TestRunnerClass" time="14.102" tests="23" errors="0" skipped="0" failures="6">
  <properties>
[...]
</properties>
  <testcase name="Hit the baseURI" classname="Get User Info from GIT" time="0.75">
    <system-out><![CDATA[
@GETUSER
Scenario Outline: Get User Info from GIT                                     # src/test/resources/FeatureFiles/GIT-Requests.feature:13
]]></system-out>
  </testcase>
  <testcase name="User make GET request for user info with &quot;users/SAral0027&quot;" classname="Get User Info from GIT" time="3.944">
    <system-out><![CDATA[  Given Hit the baseURI                                                      # com.stepdefinition.CommonStep.hit_the_base_uri()
Request method:	GET
Request URI:	https://api.github.com/users/SAral0027
Proxy:			<none>
Request params:	<none>
Query params:	<none>
Form params:	<none>
Path params:	<none>
Headers:		Accept=*/*
Cookies:		<none>
Multiparts:		<none>
Body:			<none>
]]></system-out>
  </testcase>
  <testcase name="User should verify statuscode 200 and response body &quot;SAral0027&quot; value" classname="Get User Info from GIT" time="1.319">
    <system-out><![CDATA[  When User make GET request for user info with "users/SAral0027"            # com.stepdefinition.GITRequests.user_make_get_request_for_user_info_with(java.lang.String)
]]></system-out>
  </testcase>
  <testcase name="" classname="Get User Info from GIT" time="1.326">
    <system-out><![CDATA[  Then User should verify statuscode 200 and response body "SAral0027" value # com.stepdefinition.GITRequests.user_should_verify_statuscode_and_response_body_value(int,java.lang.String)
]]></system-out>
  </testcase>
  <testcase name="Hit the baseURI" classname="Get Repo Info from GIT" time="0.0">
    <system-out><![CDATA[
@GETREPO
Scenario Outline: Get Repo Info from GIT                                              # src/test/resources/FeatureFiles/GIT-Requests.feature:22
]]></system-out>
  </testcase>
  <testcase name="User make GET request for repo info with &quot;users/SAral0027/repos&quot;" classname="Get Repo Info from GIT" time="0.456">
    <system-out><![CDATA[  Given Hit the baseURI                                                               # com.stepdefinition.CommonStep.hit_the_base_uri()
Request method:	GET
Request URI:	https://api.github.com/users/SAral0027/repos
Proxy:			<none>
Request params:	<none>
Query params:	<none>
Form params:	<none>
Path params:	<none>
Headers:		Accept=*/*
Cookies:		<none>
Multiparts:		<none>
Body:			<none>
]]></system-out>
  </testcase>
  <testcase name="User should verify statuscode 200 and response body contains &quot;BDD-Style&quot; value" classname="Get Repo Info from GIT" time="0.168">
    <system-out><![CDATA[  When User make GET request for repo info with "users/SAral0027/repos"               # com.stepdefinition.GITRequests.user_make_get_request_for_repo_info_with(java.lang.String)
]]></system-out>
  </testcase>
  <testcase name="" classname="Get Repo Info from GIT" time="0.17">
    <system-out><![CDATA[  Then User should verify statuscode 200 and response body contains "BDD-Style" value # com.stepdefinition.GITRequests.user_should_verify_statuscode_and_response_body_contains_value(int,java.lang.String)
]]></system-out>
  </testcase>
  <testcase name="Hit the baseURI" classname="Create New Repo in GIT" time="0.0">
    <system-out><![CDATA[
@CREATEREPO
Scenario Outline: Create New Repo in GIT                           # src/test/resources/FeatureFiles/GIT-Requests.feature:32
]]></system-out>
  </testcase>
  <testcase name="Add the required headers and create body" classname="Create New Repo in GIT" time="0.0">
    <system-out><![CDATA[  Given Hit the baseURI                                            # com.stepdefinition.CommonStep.hit_the_base_uri()
]]></system-out>
  </testcase>
  <testcase name="User make POST request to create new repo with &quot;user/repos&quot;" classname="Create New Repo in GIT" time="0.47">
    <system-out><![CDATA[  Given Add the required headers and create body                   # com.stepdefinition.GITRequests.add_the_required_headers_and_create_body()
Request method:	POST
Request URI:	https://api.github.com/user/repos
Proxy:			<none>
Request params:	<none>
Query params:	<none>
Form params:	<none>
Path params:	<none>
Headers:		Authorization=Bearer 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
				Accept=*/*
				Content-Type=application/json
Cookies:		<none>
Multiparts:		<none>
Body:
src\test\resources\json\Create.json
]]></system-out>
  </testcase>
  <testcase name="User should verify response body &quot;REST&quot; and statuscode 201" classname="Create New Repo in GIT" time="0.028">
    <failure message="expected:&lt;201&gt; but was:&lt;401&gt;" type="java.lang.AssertionError"><![CDATA[java.lang.AssertionError: expected:<201> but was:<401>
	at org.junit.Assert.fail(Assert.java:89)
	at org.junit.Assert.failNotEquals(Assert.java:835)
	at org.junit.Assert.assertEquals(Assert.java:647)
	at org.junit.Assert.assertEquals(Assert.java:633)
	at com.stepdefinition.GITRequests.user_should_verify_response_body_and_statuscode(GITRequests.java:67)
	at ✽.User should verify response body "REST" and statuscode 201(file:///C:/Users/VDI003/eclipse-workspace/Cucumber-API-RA/src/test/resources/FeatureFiles/GIT-Requests.feature:28)
]]></failure>
    <system-out><![CDATA[  When User make POST request to create new repo with "user/repos" # com.stepdefinition.GITRequests.user_make_post_request_to_create_new_repo_with(java.lang.String)
]]></system-out>
  </testcase>
  <testcase name="" classname="Create New Repo in GIT" time="0.056">
    <failure message="expected:&lt;201&gt; but was:&lt;401&gt;" type="java.lang.AssertionError"><![CDATA[java.lang.AssertionError: expected:<201> but was:<401>
	at org.junit.Assert.fail(Assert.java:89)
	at org.junit.Assert.failNotEquals(Assert.java:835)
	at org.junit.Assert.assertEquals(Assert.java:647)
	at org.junit.Assert.assertEquals(Assert.java:633)
	at com.stepdefinition.GITRequests.user_should_verify_response_body_and_statuscode(GITRequests.java:67)
	at ✽.User should verify response body "REST" and statuscode 201(file:///C:/Users/VDI003/eclipse-workspace/Cucumber-API-RA/src/test/resources/FeatureFiles/GIT-Requests.feature:28)
]]></failure>
    <system-out><![CDATA[  Then User should verify response body "REST" and statuscode 201  # com.stepdefinition.GITRequests.user_should_verify_response_body_and_statuscode(java.lang.String,int)
      java.lang.AssertionError: expected:<201> but was:<401>
	at org.junit.Assert.fail(Assert.java:89)
	at org.junit.Assert.failNotEquals(Assert.java:835)
	at org.junit.Assert.assertEquals(Assert.java:647)
	at org.junit.Assert.assertEquals(Assert.java:633)
	at com.stepdefinition.GITRequests.user_should_verify_response_body_and_statuscode(GITRequests.java:67)
	at âœ½.User should verify response body "REST" and statuscode 201(file:///C:/Users/VDI003/eclipse-workspace/Cucumber-API-RA/src/test/resources/FeatureFiles/GIT-Requests.feature:28)

]]></system-out>
  </testcase>
  <testcase name="Hit the baseURI" classname="Update Existing Repo in GIT" time="0.0">
    <system-out><![CDATA[
@UPDATEREPO
Scenario Outline: Update Existing Repo in GIT                                      # src/test/resources/FeatureFiles/GIT-Requests.feature:42
]]></system-out>
  </testcase>
  <testcase name="Add the required headers and update body" classname="Update Existing Repo in GIT" time="0.0">
    <system-out><![CDATA[  Given Hit the baseURI                                                            # com.stepdefinition.CommonStep.hit_the_base_uri()
]]></system-out>
  </testcase>
  <testcase name="User make PATCH request to update existing repo with &quot;repos/SAral0027/REST&quot;" classname="Update Existing Repo in GIT" time="0.345">
    <system-out><![CDATA[  Given Add the required headers and update body                                   # com.stepdefinition.GITRequests.add_the_required_headers_and_update_body()
Request method:	PATCH
Request URI:	https://api.github.com/repos/SAral0027/REST
Proxy:			<none>
Request params:	<none>
Query params:	<none>
Form params:	<none>
Path params:	<none>
Headers:		Authorization=Bearer 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
				Accept=*/*
				Content-Type=application/json
Cookies:		<none>
Multiparts:		<none>
Body:
src\test\resources\json\Update.json
]]></system-out>
  </testcase>
  <testcase name="User should verify response body conatins &quot;RESTAssured&quot; and statuscode 200" classname="Update Existing Repo in GIT" time="0.0">
    <failure message="expected:&lt;200&gt; but was:&lt;401&gt;" type="java.lang.AssertionError"><![CDATA[java.lang.AssertionError: expected:<200> but was:<401>
	at org.junit.Assert.fail(Assert.java:89)
	at org.junit.Assert.failNotEquals(Assert.java:835)
	at org.junit.Assert.assertEquals(Assert.java:647)
	at org.junit.Assert.assertEquals(Assert.java:633)
	at com.stepdefinition.GITRequests.user_should_verify_response_body_conatins_and_statuscode(GITRequests.java:92)
	at ✽.User should verify response body conatins "RESTAssured" and statuscode 200(file:///C:/Users/VDI003/eclipse-workspace/Cucumber-API-RA/src/test/resources/FeatureFiles/GIT-Requests.feature:38)
]]></failure>
    <system-out><![CDATA[  When User make PATCH request to update existing repo with "repos/SAral0027/REST" # com.stepdefinition.GITRequests.user_make_patch_request_to_update_existing_repo_with(java.lang.String)
]]></system-out>
  </testcase>
  <testcase name="" classname="Update Existing Repo in GIT" time="0.002">
    <failure message="expected:&lt;200&gt; but was:&lt;401&gt;" type="java.lang.AssertionError"><![CDATA[java.lang.AssertionError: expected:<200> but was:<401>
	at org.junit.Assert.fail(Assert.java:89)
	at org.junit.Assert.failNotEquals(Assert.java:835)
	at org.junit.Assert.assertEquals(Assert.java:647)
	at org.junit.Assert.assertEquals(Assert.java:633)
	at com.stepdefinition.GITRequests.user_should_verify_response_body_conatins_and_statuscode(GITRequests.java:92)
	at ✽.User should verify response body conatins "RESTAssured" and statuscode 200(file:///C:/Users/VDI003/eclipse-workspace/Cucumber-API-RA/src/test/resources/FeatureFiles/GIT-Requests.feature:38)
]]></failure>
    <system-out><![CDATA[  Then User should verify response body conatins "RESTAssured" and statuscode 200  # com.stepdefinition.GITRequests.user_should_verify_response_body_conatins_and_statuscode(java.lang.String,int)
      java.lang.AssertionError: expected:<200> but was:<401>
	at org.junit.Assert.fail(Assert.java:89)
	at org.junit.Assert.failNotEquals(Assert.java:835)
	at org.junit.Assert.assertEquals(Assert.java:647)
	at org.junit.Assert.assertEquals(Assert.java:633)
	at com.stepdefinition.GITRequests.user_should_verify_response_body_conatins_and_statuscode(GITRequests.java:92)
	at âœ½.User should verify response body conatins "RESTAssured" and statuscode 200(file:///C:/Users/VDI003/eclipse-workspace/Cucumber-API-RA/src/test/resources/FeatureFiles/GIT-Requests.feature:38)

]]></system-out>
  </testcase>
  <testcase name="Hit the baseURI" classname="Delete Existing Repo in GIT" time="0.0">
    <system-out><![CDATA[
@DELETEREPO
Scenario Outline: Delete Existing Repo in GIT                                              # src/test/resources/FeatureFiles/GIT-Requests.feature:52
]]></system-out>
  </testcase>
  <testcase name="Add the required headers" classname="Delete Existing Repo in GIT" time="0.0">
    <system-out><![CDATA[  Given Hit the baseURI                                                                    # com.stepdefinition.CommonStep.hit_the_base_uri()
]]></system-out>
  </testcase>
  <testcase name="User make DELETE request to delete existing repo with &quot;repos/SAral0027/RESTAssured&quot;" classname="Delete Existing Repo in GIT" time="0.369">
    <system-out><![CDATA[  Given Add the required headers                                                           # com.stepdefinition.GITRequests.add_the_required_headers()
Request method:	DELETE
Request URI:	https://api.github.com/repos/SAral0027/RESTAssured
Proxy:			<none>
Request params:	<none>
Query params:	<none>
Form params:	<none>
Path params:	<none>
Headers:		Authorization=Bearer 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
				Accept=*/*
Cookies:		<none>
Multiparts:		<none>
Body:			<none>
]]></system-out>
  </testcase>
  <testcase name="User should verify statuscode 204" classname="Delete Existing Repo in GIT" time="0.0">
    <failure message="expected:&lt;204&gt; but was:&lt;401&gt;" type="java.lang.AssertionError"><![CDATA[java.lang.AssertionError: expected:<204> but was:<401>
	at org.junit.Assert.fail(Assert.java:89)
	at org.junit.Assert.failNotEquals(Assert.java:835)
	at org.junit.Assert.assertEquals(Assert.java:647)
	at org.junit.Assert.assertEquals(Assert.java:633)
	at com.stepdefinition.GITRequests.user_should_verify_statuscode(GITRequests.java:110)
	at ✽.User should verify statuscode 204(file:///C:/Users/VDI003/eclipse-workspace/Cucumber-API-RA/src/test/resources/FeatureFiles/GIT-Requests.feature:48)
]]></failure>
    <system-out><![CDATA[  When User make DELETE request to delete existing repo with "repos/SAral0027/RESTAssured" # com.stepdefinition.GITRequests.user_make_delete_request_to_delete_existing_repo_with(java.lang.String)
]]></system-out>
  </testcase>
  <testcase name="" classname="Delete Existing Repo in GIT" time="0.002">
    <failure message="expected:&lt;204&gt; but was:&lt;401&gt;" type="java.lang.AssertionError"><![CDATA[java.lang.AssertionError: expected:<204> but was:<401>
	at org.junit.Assert.fail(Assert.java:89)
	at org.junit.Assert.failNotEquals(Assert.java:835)
	at org.junit.Assert.assertEquals(Assert.java:647)
	at org.junit.Assert.assertEquals(Assert.java:633)
	at com.stepdefinition.GITRequests.user_should_verify_statuscode(GITRequests.java:110)
	at ✽.User should verify statuscode 204(file:///C:/Users/VDI003/eclipse-workspace/Cucumber-API-RA/src/test/resources/FeatureFiles/GIT-Requests.feature:48)
]]></failure>
    <system-out><![CDATA[  Then User should verify statuscode 204                                                   # com.stepdefinition.GITRequests.user_should_verify_statuscode(int)
      java.lang.AssertionError: expected:<204> but was:<401>
	at org.junit.Assert.fail(Assert.java:89)
	at org.junit.Assert.failNotEquals(Assert.java:835)
	at org.junit.Assert.assertEquals(Assert.java:647)
	at org.junit.Assert.assertEquals(Assert.java:633)
	at com.stepdefinition.GITRequests.user_should_verify_statuscode(GITRequests.java:110)
	at âœ½.User should verify statuscode 204(file:///C:/Users/VDI003/eclipse-workspace/Cucumber-API-RA/src/test/resources/FeatureFiles/GIT-Requests.feature:48)

]]></system-out>
  </testcase>
</testsuite>